{"level":"warn","message":"GET en / - at 30/10/2023 - 12:47:39"}
{"level":"warn","message":"GET en /products - at 30/10/2023 - 12:48:00"}
{"level":"warn","message":"GET en /api/performance - at 30/10/2023 - 13:58:13"}
{"level":"warn","message":"OPTIONS en /api/users/ - at 30/10/2023 - 14:51:39"}
{"level":"warn","message":"OPTIONS en /api/users/ - at 30/10/2023 - 14:51:39"}
{"level":"warn","message":"GET en /api/users/ - at 30/10/2023 - 14:51:39"}
{"level":"warn","message":"GET en /api/users/ - at 30/10/2023 - 14:51:39"}
{"level":"warn","message":"GET en /mockproducts - at 30/10/2023 - 14:52:18"}
{"level":"warn","message":"GET en /mockproducts - at 30/10/2023 - 14:52:18"}
{"level":"warn","message":"GET en /mockproducts - at 30/10/2023 - 14:52:49"}
{"level":"warn","message":"GET en /mockproducts - at 30/10/2023 - 14:52:49"}
{"level":"warn","message":"GET en /api/items - at 30/10/2023 - 14:53:05"}
{"level":"warn","message":"GET en /api/cookies/getCookies - at 30/10/2023 - 14:53:05"}
{"level":"warn","message":"GET en /api/carts - at 30/10/2023 - 14:53:05"}
{"level":"warn","message":"GET en /api/cookies/getCookies - at 30/10/2023 - 14:53:05"}
{"level":"warn","message":"GET en /api/carts - at 30/10/2023 - 14:53:06"}
{"level":"warn","message":"GET en /api/items - at 30/10/2023 - 14:53:06"}
{"level":"warn","message":"GET en /mockproducts - at 30/10/2023 - 14:53:38"}
{"level":"warn","message":"GET en /mockproducts - at 30/10/2023 - 14:53:40"}
{"level":"warn","message":"GET en /mockproducts - at 30/10/2023 - 14:53:40"}
{"level":"warn","message":"GET en /mockproducts - at 30/10/2023 - 14:53:48"}
{"level":"warn","message":"GET en /mockproducts - at 30/10/2023 - 14:54:06"}
{"level":"warn","message":"GET en /mockproducts - at 30/10/2023 - 14:54:06"}
{"level":"warn","message":"GET en /mockproducts - at 30/10/2023 - 14:54:17"}
{"level":"warn","message":"GET en /mockproducts - at 30/10/2023 - 14:54:17"}
{"level":"warn","message":"GET en /mockproducts - at 30/10/2023 - 14:54:18"}
{"level":"warn","message":"GET en /mockproducts - at 30/10/2023 - 14:54:18"}
{"level":"warn","message":"GET en /mockproducts - at 30/10/2023 - 15:00:25"}
{"level":"warn","message":"GET en /mockproducts - at 30/10/2023 - 15:00:25"}
{"level":"warn","message":"GET en /mockproducts - at 30/10/2023 - 15:00:52"}
{"level":"warn","message":"GET en /mockproducts - at 30/10/2023 - 15:00:52"}
{"level":"warn","message":"GET en /mockproducts - at 30/10/2023 - 15:01:24"}
{"level":"warn","message":"GET en /mockproducts - at 30/10/2023 - 15:01:25"}
{"level":"warn","message":"GET en /mockproducts - at 30/10/2023 - 15:01:25"}
{"level":"warn","message":"GET en /mockproducts - at 30/10/2023 - 15:01:46"}
{"level":"warn","message":"GET en /mockproducts - at 30/10/2023 - 15:01:46"}
{"level":"warn","message":"GET en /mockproducts - at 30/10/2023 - 15:01:49"}
{"level":"warn","message":"GET en /mockproducts - at 30/10/2023 - 15:01:49"}
{"level":"warn","message":"GET en /mockproducts - at 30/10/2023 - 15:02:49"}
{"level":"warn","message":"GET en /mockproducts - at 30/10/2023 - 15:02:49"}
{"level":"warn","message":"GET en /mockproducts - at 30/10/2023 - 15:03:01"}
{"level":"warn","message":"GET en /mockproducts - at 30/10/2023 - 15:03:01"}
{"level":"warn","message":"GET en /mockproducts - at 30/10/2023 - 15:03:03"}
{"level":"warn","message":"GET en /mockproducts - at 30/10/2023 - 15:03:03"}
{"level":"warn","message":"GET en /mockproducts - at 30/10/2023 - 15:03:04"}
{"level":"warn","message":"GET en /mockproducts - at 30/10/2023 - 15:03:04"}
{"level":"warn","message":"GET en /mockproducts - at 30/10/2023 - 15:03:15"}
{"level":"warn","message":"GET en /mockproducts - at 30/10/2023 - 15:03:16"}
{"level":"warn","message":"GET en /mockproducts - at 30/10/2023 - 15:03:17"}
{"level":"warn","message":"GET en /mockproducts - at 30/10/2023 - 15:03:17"}
{"level":"warn","message":"GET en /mockproducts - at 30/10/2023 - 15:07:12"}
{"level":"warn","message":"GET en /mockproducts - at 30/10/2023 - 15:07:13"}
{"level":"warn","message":"GET en /mockproducts - at 30/10/2023 - 15:07:26"}
{"level":"warn","message":"GET en /mockproducts - at 30/10/2023 - 15:07:26"}
{"level":"warn","message":"GET en /mockproducts - at 30/10/2023 - 15:07:28"}
{"level":"warn","message":"GET en /mockproducts - at 30/10/2023 - 15:07:28"}
{"level":"warn","message":"GET en /api/mockproducts - at 30/10/2023 - 15:07:47"}
{"level":"warn","message":"GET en /api/mockproducts - at 30/10/2023 - 15:07:49"}
{"level":"warn","message":"GET en /api/mockproducts - at 30/10/2023 - 15:07:49"}
{"level":"warn","message":"GET en /mockproducts - at 30/10/2023 - 15:07:55"}
